<?xml version="1.0" encoding="UTF-8"?>
<!-- Generated by org.testng.reporters.JUnitReportReporter -->
<testsuite hostname="DESKTOP-GTEVLCQ" failures="0" tests="2" name="PreInterview.WebPage.tests.HomePageTest" time="2.640" errors="0" timestamp="2023-04-13T21:43:30 IST" skipped="0">
  <testcase classname="PreInterview.WebPage.tests.HomePageTest" name="verifyUserIsOnHomePage" time="0.006"/>
  <system-out/>
  <testcase classname="PreInterview.WebPage.tests.HomePageTest" name="searchText" time="2.634"/>
  <system-out/>
</testsuite> <!-- PreInterview.WebPage.tests.HomePageTest -->
